Flutter crash report.
Please report a bug at https://github.com/flutter/flutter/issues.

## command

flutter --verbose assemble --depfile D:\Project\ProjectHackathon\ztour\build\app\intermediates\flutter\debug/flutter_build.d --output D:\Project\ProjectHackathon\ztour\build\app\intermediates\flutter\debug -dTargetFile=D:\Project\ProjectHackathon\ztour\lib\main.dart -dTargetPlatform=android -dBuildMode=debug -dTrackWidgetCreation=true debug_android_application

## exception

FileSystemException: FileSystemException: Cannot delete file, path = 'D:\Project\ProjectHackathon\ztour\.dart_tool\flutter_build\2084ccbfa22c5e8a8caed07a62225930\debug_android_application.stamp' (OS Error: Access is denied.
, errno = 5)

```
#0      _File.throwIfError (dart:io/file_impl.dart:635:7)
#1      _File._deleteSync (dart:io/file_impl.dart:298:5)
#2      FileSystemEntity.deleteSync (dart:io/file_system_entity.dart:458:47)
#3      ForwardingFileSystemEntity.deleteSync (package:file/src/forwarding/forwarding_file_system_entity.dart:72:16)
#4      Target.clearStamp (package:flutter_tools/src/build_system/build_system.dart:166:13)
#5      _BuildInstance._invokeInternal (package:flutter_tools/src/build_system/build_system.dart:826:19)
<asynchronous suspension>
#6      _BuildInstance.invokeTarget.<anonymous closure> (package:flutter_tools/src/build_system/build_system.dart:738:35)
#7      new Future.sync (dart:async/future.dart:223:31)
#8      AsyncMemoizer.runOnce (package:async/src/async_memoizer.dart:43:45)
#9      _BuildInstance.invokeTarget (package:flutter_tools/src/build_system/build_system.dart:738:21)
<asynchronous suspension>
#10     FlutterBuildSystem.build (package:flutter_tools/src/build_system/build_system.dart:560:36)
#11     AssembleCommand.runCommand (package:flutter_tools/src/commands/assemble.dart:221:58)
#12     FlutterCommand.verifyThenRunCommand (package:flutter_tools/src/runner/flutter_command.dart:860:18)
#13     _rootRunUnary (dart:async/zone.dart:1198:47)
#14     _CustomZone.runUnary (dart:async/zone.dart:1100:19)
#15     _FutureListener.handleValue (dart:async/future_impl.dart:143:18)
#16     Future._propagateToListeners.handleValueCallback (dart:async/future_impl.dart:696:45)
#17     Future._propagateToListeners (dart:async/future_impl.dart:725:32)
#18     Future._completeWithValue (dart:async/future_impl.dart:529:5)
#19     Future._asyncCompleteWithValue.<anonymous closure> (dart:async/future_impl.dart:567:7)
#20     _rootRun (dart:async/zone.dart:1190:13)
#21     _CustomZone.run (dart:async/zone.dart:1093:19)
#22     _CustomZone.runGuarded (dart:async/zone.dart:997:7)
#23     _CustomZone.bindCallbackGuarded.<anonymous closure> (dart:async/zone.dart:1037:23)
#24     _microtaskLoop (dart:async/schedule_microtask.dart:41:21)
#25     _startMicrotaskLoop (dart:async/schedule_microtask.dart:50:5)
#26     _runPendingImmediateCallback (dart:isolate-patch/isolate_patch.dart:118:13)
#27     _RawReceivePortImpl._handleMessage (dart:isolate-patch/isolate_patch.dart:169:5)
```

## flutter doctor

```
[✓] Flutter (Channel stable, 1.20.3, on Microsoft Windows [Version 10.0.18363.1082], locale en-US)
    • Flutter version 1.20.3 at D:\General\MobileDevelopment\flutter
    • Framework revision 216dee60c0 (5 weeks ago), 2020-09-01 12:24:47 -0700
    • Engine revision d1bc06f032
    • Dart version 2.9.2

[✓] Android toolchain - develop for Android devices (Android SDK version 30.0.2)
    • Android SDK at D:\General\MobileDevelopment\AppData\Local\Android\Sdk
    • Platform android-30, build-tools 30.0.2
    • Java binary at: D:\General\MobileDevelopment\AndroidStudio\AndroidStudio\jre\bin\java
    • Java version OpenJDK Runtime Environment (build 1.8.0_242-release-1644-b01)
    • All Android licenses accepted.

[✓] Android Studio (version 4.0)
    • Android Studio at D:\General\MobileDevelopment\AndroidStudio\AndroidStudio
    • Flutter plugin version 49.0.2
    • Dart plugin version 193.7547
    • Java version OpenJDK Runtime Environment (build 1.8.0_242-release-1644-b01)

[✓] VS Code, 64-bit edition (version 1.49.2)
    • VS Code at C:\Program Files\Microsoft VS Code
    • Flutter extension version 3.15.0

[✓] Connected device (1 available)
    • sdk gphone x86 arm (mobile) • emulator-5554 • android-x86 • Android 11 (API 30) (emulator)

• No issues found!
```
